D:\PROJECTS\FUCKAROUND\DEBUG\FUCKAROUND.EXE
D:\PROJECTS\FUCKAROUND\DEBUG\FUCKAROUND.ILK
D:\PROJECTS\FUCKAROUND\DEBUG\FUCKAROUND.PDB
D:\Projects\fuckaround\fuckaround\Debug\cl.command.1.tlog
D:\Projects\fuckaround\fuckaround\Debug\CL.read.1.tlog
D:\Projects\fuckaround\fuckaround\Debug\CL.write.1.tlog
D:\PROJECTS\FUCKAROUND\FUCKAROUND\DEBUG\FUCKAROUND.EXE.EMBED.MANIFEST
D:\PROJECTS\FUCKAROUND\FUCKAROUND\DEBUG\FUCKAROUND.EXE.EMBED.MANIFEST.RES
D:\PROJECTS\FUCKAROUND\FUCKAROUND\DEBUG\FUCKAROUND.EXE.INTERMEDIATE.MANIFEST
D:\Projects\fuckaround\fuckaround\Debug\fuckaround_manifest.rc
D:\Projects\fuckaround\fuckaround\Debug\link.1368.read.1.tlog
D:\Projects\fuckaround\fuckaround\Debug\link.1368.write.1.tlog
D:\Projects\fuckaround\fuckaround\Debug\link.1368-cvtres.read.1.tlog
D:\Projects\fuckaround\fuckaround\Debug\link.1368-cvtres.write.1.tlog
D:\Projects\fuckaround\fuckaround\Debug\link.1712.read.1.tlog
D:\Projects\fuckaround\fuckaround\Debug\link.1712.write.1.tlog
D:\Projects\fuckaround\fuckaround\Debug\link.1712-cvtres.read.1.tlog
D:\Projects\fuckaround\fuckaround\Debug\link.1712-cvtres.write.1.tlog
D:\Projects\fuckaround\fuckaround\Debug\link.1720.read.1.tlog
D:\Projects\fuckaround\fuckaround\Debug\link.1720.write.1.tlog
D:\Projects\fuckaround\fuckaround\Debug\link.1720-cvtres.read.1.tlog
D:\Projects\fuckaround\fuckaround\Debug\link.1720-cvtres.write.1.tlog
D:\Projects\fuckaround\fuckaround\Debug\link.3368.read.1.tlog
D:\Projects\fuckaround\fuckaround\Debug\link.3368.write.1.tlog
D:\Projects\fuckaround\fuckaround\Debug\link.3368-cvtres.read.1.tlog
D:\Projects\fuckaround\fuckaround\Debug\link.3368-cvtres.write.1.tlog
D:\Projects\fuckaround\fuckaround\Debug\link.4284.read.1.tlog
D:\Projects\fuckaround\fuckaround\Debug\link.4284.write.1.tlog
D:\Projects\fuckaround\fuckaround\Debug\link.4284-cvtres.read.1.tlog
D:\Projects\fuckaround\fuckaround\Debug\link.4284-cvtres.write.1.tlog
D:\Projects\fuckaround\fuckaround\Debug\link.4500.read.1.tlog
D:\Projects\fuckaround\fuckaround\Debug\link.4500.write.1.tlog
D:\Projects\fuckaround\fuckaround\Debug\link.4500-cvtres.read.1.tlog
D:\Projects\fuckaround\fuckaround\Debug\link.4500-cvtres.write.1.tlog
D:\Projects\fuckaround\fuckaround\Debug\link.4644.read.1.tlog
D:\Projects\fuckaround\fuckaround\Debug\link.4644.write.1.tlog
D:\Projects\fuckaround\fuckaround\Debug\link.4644-cvtres.read.1.tlog
D:\Projects\fuckaround\fuckaround\Debug\link.4644-cvtres.write.1.tlog
D:\Projects\fuckaround\fuckaround\Debug\link.4832.read.1.tlog
D:\Projects\fuckaround\fuckaround\Debug\link.4832.write.1.tlog
D:\Projects\fuckaround\fuckaround\Debug\link.4832-cvtres.read.1.tlog
D:\Projects\fuckaround\fuckaround\Debug\link.4832-cvtres.write.1.tlog
D:\Projects\fuckaround\fuckaround\Debug\link.4968.read.1.tlog
D:\Projects\fuckaround\fuckaround\Debug\link.4968.write.1.tlog
D:\Projects\fuckaround\fuckaround\Debug\link.4968-cvtres.read.1.tlog
D:\Projects\fuckaround\fuckaround\Debug\link.4968-cvtres.write.1.tlog
D:\Projects\fuckaround\fuckaround\Debug\link.5276.read.1.tlog
D:\Projects\fuckaround\fuckaround\Debug\link.5276.write.1.tlog
D:\Projects\fuckaround\fuckaround\Debug\link.5276-cvtres.read.1.tlog
D:\Projects\fuckaround\fuckaround\Debug\link.5276-cvtres.write.1.tlog
D:\Projects\fuckaround\fuckaround\Debug\link.6184.read.1.tlog
D:\Projects\fuckaround\fuckaround\Debug\link.6184.write.1.tlog
D:\Projects\fuckaround\fuckaround\Debug\link.6184-cvtres.read.1.tlog
D:\Projects\fuckaround\fuckaround\Debug\link.6184-cvtres.write.1.tlog
D:\Projects\fuckaround\fuckaround\Debug\link.6456.read.1.tlog
D:\Projects\fuckaround\fuckaround\Debug\link.6456.write.1.tlog
D:\Projects\fuckaround\fuckaround\Debug\link.6456-cvtres.read.1.tlog
D:\Projects\fuckaround\fuckaround\Debug\link.6456-cvtres.write.1.tlog
D:\Projects\fuckaround\fuckaround\Debug\link.6988.read.1.tlog
D:\Projects\fuckaround\fuckaround\Debug\link.6988.write.1.tlog
D:\Projects\fuckaround\fuckaround\Debug\link.6988-cvtres.read.1.tlog
D:\Projects\fuckaround\fuckaround\Debug\link.6988-cvtres.write.1.tlog
D:\Projects\fuckaround\fuckaround\Debug\link.7028.read.1.tlog
D:\Projects\fuckaround\fuckaround\Debug\link.7028.write.1.tlog
D:\Projects\fuckaround\fuckaround\Debug\link.7028-cvtres.read.1.tlog
D:\Projects\fuckaround\fuckaround\Debug\link.7028-cvtres.write.1.tlog
D:\Projects\fuckaround\fuckaround\Debug\link.8056.read.1.tlog
D:\Projects\fuckaround\fuckaround\Debug\link.8056.write.1.tlog
D:\Projects\fuckaround\fuckaround\Debug\link.8056-cvtres.read.1.tlog
D:\Projects\fuckaround\fuckaround\Debug\link.8056-cvtres.write.1.tlog
D:\Projects\fuckaround\fuckaround\Debug\link.8076.read.1.tlog
D:\Projects\fuckaround\fuckaround\Debug\link.8076.write.1.tlog
D:\Projects\fuckaround\fuckaround\Debug\link.8076-cvtres.read.1.tlog
D:\Projects\fuckaround\fuckaround\Debug\link.8076-cvtres.write.1.tlog
D:\Projects\fuckaround\fuckaround\Debug\link.8084.read.1.tlog
D:\Projects\fuckaround\fuckaround\Debug\link.8084.write.1.tlog
D:\Projects\fuckaround\fuckaround\Debug\link.8084-cvtres.read.1.tlog
D:\Projects\fuckaround\fuckaround\Debug\link.8084-cvtres.write.1.tlog
D:\Projects\fuckaround\fuckaround\Debug\link.8228.read.1.tlog
D:\Projects\fuckaround\fuckaround\Debug\link.8228.write.1.tlog
D:\Projects\fuckaround\fuckaround\Debug\link.8228-cvtres.read.1.tlog
D:\Projects\fuckaround\fuckaround\Debug\link.8228-cvtres.write.1.tlog
D:\Projects\fuckaround\fuckaround\Debug\link.8444.read.1.tlog
D:\Projects\fuckaround\fuckaround\Debug\link.8444.write.1.tlog
D:\Projects\fuckaround\fuckaround\Debug\link.8444-cvtres.read.1.tlog
D:\Projects\fuckaround\fuckaround\Debug\link.8444-cvtres.write.1.tlog
D:\Projects\fuckaround\fuckaround\Debug\link.8592.read.1.tlog
D:\Projects\fuckaround\fuckaround\Debug\link.8592.write.1.tlog
D:\Projects\fuckaround\fuckaround\Debug\link.8792.read.1.tlog
D:\Projects\fuckaround\fuckaround\Debug\link.8792.write.1.tlog
D:\Projects\fuckaround\fuckaround\Debug\link.8792-cvtres.read.1.tlog
D:\Projects\fuckaround\fuckaround\Debug\link.8792-cvtres.write.1.tlog
D:\Projects\fuckaround\fuckaround\Debug\link.9064.read.1.tlog
D:\Projects\fuckaround\fuckaround\Debug\link.9064.write.1.tlog
D:\Projects\fuckaround\fuckaround\Debug\link.9064-cvtres.read.1.tlog
D:\Projects\fuckaround\fuckaround\Debug\link.9064-cvtres.write.1.tlog
D:\Projects\fuckaround\fuckaround\Debug\link.command.1.tlog
D:\Projects\fuckaround\fuckaround\Debug\link.read.1.tlog
D:\Projects\fuckaround\fuckaround\Debug\link.write.1.tlog
D:\Projects\fuckaround\fuckaround\Debug\link-cvtres.read.1.tlog
D:\Projects\fuckaround\fuckaround\Debug\link-cvtres.write.1.tlog
D:\PROJECTS\FUCKAROUND\FUCKAROUND\DEBUG\MAIN.OBJ
D:\Projects\fuckaround\fuckaround\Debug\mt.command.1.tlog
D:\Projects\fuckaround\fuckaround\Debug\mt.read.1.tlog
D:\Projects\fuckaround\fuckaround\Debug\mt.write.1.tlog
D:\Projects\fuckaround\fuckaround\Debug\rc.command.1.tlog
D:\Projects\fuckaround\fuckaround\Debug\rc.read.1.tlog
D:\Projects\fuckaround\fuckaround\Debug\rc.write.1.tlog
D:\Projects\fuckaround\fuckaround\Debug\vc100.idb
D:\PROJECTS\FUCKAROUND\FUCKAROUND\DEBUG\VC100.PDB
