Build started 21/07/2012 12:32:49 a.m..
     1>Project "D:\Projects\fuckaround\fuckaround\fuckaround.vcxproj" on node 2 (build target(s)).
     1>InitializeBuildStatus:
         Touching "Debug\fuckaround.unsuccessfulbuild".
       ClCompile:
         C:\Program Files (x86)\Microsoft Visual Studio 10.0\VC\bin\CL.exe /c /ZI /nologo /W3 /WX- /Od /Oy- /D WIN32 /D _DEBUG /D _CONSOLE /D _MBCS /Gm /EHsc /RTC1 /MDd /GS /fp:precise /Zc:wchar_t /Zc:forScope /Fo"Debug\\" /Fd"Debug\vc100.pdb" /Gd /TP /analyze- /errorReport:prompt main.cpp
         main.cpp
       ResourceCompile:
         All outputs are up-to-date.
       ManifestResourceCompile:
         All outputs are up-to-date.
       Link:
         C:\Program Files (x86)\Microsoft Visual Studio 10.0\VC\bin\link.exe /ERRORREPORT:PROMPT /OUT:"D:\Projects\fuckaround\Debug\fuckaround.exe" /INCREMENTAL /NOLOGO comctl32.lib kernel32.lib user32.lib gdi32.lib winspool.lib comdlg32.lib advapi32.lib shell32.lib ole32.lib oleaut32.lib uuid.lib odbc32.lib odbccp32.lib /MANIFEST /ManifestFile:"Debug\fuckaround.exe.intermediate.manifest" /MANIFESTUAC:"level='asInvoker' uiAccess='false'" /DEBUG /PDB:"D:\Projects\fuckaround\Debug\fuckaround.pdb" /SUBSYSTEM:WINDOWS /TLBID:1 /DYNAMICBASE /NXCOMPAT /IMPLIB:"D:\Projects\fuckaround\Debug\fuckaround.lib" /MACHINE:X86 Debug\resources.res
         Debug\fuckaround.exe.embed.manifest.res
         Debug\main.obj
       Manifest:
         C:\Program Files (x86)\Microsoft SDKs\Windows\v7.0A\bin\mt.exe /nologo /verbose /out:"Debug\fuckaround.exe.embed.manifest" /manifest Debug\fuckaround.exe.intermediate.manifest
         All outputs are up-to-date.
       LinkEmbedManifest:
         All outputs are up-to-date.
         fuckaround.vcxproj -> D:\Projects\fuckaround\Debug\fuckaround.exe
       FinalizeBuildStatus:
         Deleting file "Debug\fuckaround.unsuccessfulbuild".
         Touching "Debug\fuckaround.lastbuildstate".
     1>Done Building Project "D:\Projects\fuckaround\fuckaround\fuckaround.vcxproj" (build target(s)).

Build succeeded.

Time Elapsed 00:00:02.42
