Build started 21/07/2012 12:43:51 a.m..
     1>Project "D:\Projects\fuckaround\fuckaround\fuckaround.vcxproj" on node 2 (build target(s)).
     1>InitializeBuildStatus:
         Creating "Release\fuckaround.unsuccessfulbuild" because "AlwaysCreate" was specified.
       ClCompile:
         C:\Program Files (x86)\Microsoft Visual Studio 10.0\VC\bin\CL.exe /c /Zi /nologo /W3 /WX- /O2 /Oi /Oy- /GL /D WIN32 /D NDEBUG /D _CONSOLE /D _MBCS /Gm- /EHsc /MD /GS /Gy /fp:precise /Zc:wchar_t /Zc:forScope /Fo"Release\\" /Fd"Release\vc100.pdb" /Gd /TP /analyze- /errorReport:prompt main.cpp
         main.cpp
       ResourceCompile:
         All outputs are up-to-date.
       Link:
         C:\Program Files (x86)\Microsoft Visual Studio 10.0\VC\bin\link.exe /ERRORREPORT:PROMPT /OUT:"D:\Projects\fuckaround\Release\fuckaround.exe" /INCREMENTAL:NO /NOLOGO comctl32.lib kernel32.lib user32.lib gdi32.lib winspool.lib comdlg32.lib advapi32.lib shell32.lib ole32.lib oleaut32.lib uuid.lib odbc32.lib odbccp32.lib /MANIFEST /ManifestFile:"Release\fuckaround.exe.intermediate.manifest" /MANIFESTUAC:"level='asInvoker' uiAccess='false'" /DEBUG /PDB:"D:\Projects\fuckaround\Release\fuckaround.pdb" /SUBSYSTEM:WINDOWS /OPT:REF /OPT:ICF /LTCG /TLBID:1 /DYNAMICBASE /NXCOMPAT /IMPLIB:"D:\Projects\fuckaround\Release\fuckaround.lib" /MACHINE:X86 Release\resources.res
         Release\main.obj
         Generating code
         Finished generating code
         fuckaround.vcxproj -> D:\Projects\fuckaround\Release\fuckaround.exe
       Manifest:
         C:\Program Files (x86)\Microsoft SDKs\Windows\v7.0A\bin\mt.exe /nologo /verbose /outputresource:"D:\Projects\fuckaround\Release\fuckaround.exe;#1" /manifest Release\fuckaround.exe.intermediate.manifest
       FinalizeBuildStatus:
         Deleting file "Release\fuckaround.unsuccessfulbuild".
         Touching "Release\fuckaround.lastbuildstate".
     1>Done Building Project "D:\Projects\fuckaround\fuckaround\fuckaround.vcxproj" (build target(s)).

Build succeeded.

Time Elapsed 00:00:02.03
